[ERROR] - 09/10/2023, 03:53:38,111 - uncaughtException: тип Unable to compile TypeScript:
[96mutils/constants.ts[0m:[93m12[0m:[93m7[0m - [91merror[0m[90m TS1155: [0m'const' declarations must be initialized.

[7m12[0m const JWT_
[7m  [0m [91m      ~~~~[0m
[96mutils/constants.ts[0m:[93m12[0m:[93m7[0m - [91merror[0m[90m TS6133: [0m'JWT_' is declared but its value is never read.

[7m12[0m const JWT_
[7m  [0m [91m      ~~~~[0m

TSError: тип Unable to compile TypeScript:
[96mutils/constants.ts[0m:[93m12[0m:[93m7[0m - [91merror[0m[90m TS1155: [0m'const' declarations must be initialized.

[7m12[0m const JWT_
[7m  [0m [91m      ~~~~[0m
[96mutils/constants.ts[0m:[93m12[0m:[93m7[0m - [91merror[0m[90m TS6133: [0m'JWT_' is declared but its value is never read.

[7m12[0m const JWT_
[7m  [0m [91m      ~~~~[0m

    at createTSError (C:\Users\Stanley Agu\AppData\Roaming\npm\node_modules\ts-node\src\index.ts:859:12)
    at reportTSError (C:\Users\Stanley Agu\AppData\Roaming\npm\node_modules\ts-node\src\index.ts:863:19)
    at getOutput (C:\Users\Stanley Agu\AppData\Roaming\npm\node_modules\ts-node\src\index.ts:1077:36)
    at Object.compile (C:\Users\Stanley Agu\AppData\Roaming\npm\node_modules\ts-node\src\index.ts:1433:41)
    at Module.m._compile (C:\Users\Stanley Agu\AppData\Roaming\npm\node_modules\ts-node\src\index.ts:1617:30)
    at Module._extensions..js (node:internal/modules/cjs/loader:1310:10)
    at Object.require.extensions.<computed> [as .ts] (C:\Users\Stanley Agu\AppData\Roaming\npm\node_modules\ts-node\src\index.ts:1621:12)
    at Module.load (node:internal/modules/cjs/loader:1119:32)
    at Function.Module._load (node:internal/modules/cjs/loader:960:12)
    at Module.require (node:internal/modules/cjs/loader:1143:19) TSError: тип Unable to compile TypeScript:
[96mutils/constants.ts[0m:[93m12[0m:[93m7[0m - [91merror[0m[90m TS1155: [0m'const' declarations must be initialized.

[7m12[0m const JWT_
[7m  [0m [91m      ~~~~[0m
[96mutils/constants.ts[0m:[93m12[0m:[93m7[0m - [91merror[0m[90m TS6133: [0m'JWT_' is declared but its value is never read.

[7m12[0m const JWT_
[7m  [0m [91m      ~~~~[0m
 TSError: тип Unable to compile TypeScript:
[96mutils/constants.ts[0m:[93m12[0m:[93m7[0m - [91merror[0m[90m TS1155: [0m'const' declarations must be initialized.

[7m12[0m const JWT_
[7m  [0m [91m      ~~~~[0m
[96mutils/constants.ts[0m:[93m12[0m:[93m7[0m - [91merror[0m[90m TS6133: [0m'JWT_' is declared but its value is never read.

[7m12[0m const JWT_
[7m  [0m [91m      ~~~~[0m

    at createTSError (C:\Users\Stanley Agu\AppData\Roaming\npm\node_modules\ts-node\src\index.ts:859:12)
    at reportTSError (C:\Users\Stanley Agu\AppData\Roaming\npm\node_modules\ts-node\src\index.ts:863:19)
    at getOutput (C:\Users\Stanley Agu\AppData\Roaming\npm\node_modules\ts-node\src\index.ts:1077:36)
    at Object.compile (C:\Users\Stanley Agu\AppData\Roaming\npm\node_modules\ts-node\src\index.ts:1433:41)
    at Module.m._compile (C:\Users\Stanley Agu\AppData\Roaming\npm\node_modules\ts-node\src\index.ts:1617:30)
    at Module._extensions..js (node:internal/modules/cjs/loader:1310:10)
    at Object.require.extensions.<computed> [as .ts] (C:\Users\Stanley Agu\AppData\Roaming\npm\node_modules\ts-node\src\index.ts:1621:12)
    at Module.load (node:internal/modules/cjs/loader:1119:32)
    at Function.Module._load (node:internal/modules/cjs/loader:960:12)
    at Module.require (node:internal/modules/cjs/loader:1143:19)
